        -:    0:Source:D:/Programming n shit/UBB/Anul 1/OOP/Lab3-4/main.c
        -:    0:Graph:D:\Programming n shit\UBB\Anul 1\OOP\Lab3-4\cmake-build-debug-coverage\CMakeFiles\Lab3_4.dir\main.c.gcno
        -:    0:Data:D:\Programming n shit\UBB\Anul 1\OOP\Lab3-4\cmake-build-debug-coverage\CMakeFiles\Lab3_4.dir\main.c.gcda
        -:    0:Runs:1
        -:    1:#include "Interface/interface.h"
        -:    2:#include "Repozitory/repozitory.h"
        -:    3:#include "Service/service.h"
        -:    4:#include "Validators/validators.h"
        -:    5:#include "Domain/participant.h"
        -:    6:
function main called 1 returned 100% blocks executed 100%
        1:    7:int main() {
        1:    8:    repo_test();
        1:    8-block  0
call    0 returned 1
        1:    9:    valid_test();
call    0 returned 1
        1:   10:    domain_test();
call    0 returned 1
        1:   11:    service_test();
call    0 returned 1
        -:   12:
        1:   13:    repo* repo = repo_initialization();
call    0 returned 1
        1:   14:    service* srv = service_initialization(repo);
call    0 returned 1
        1:   15:    interface* ui = interface_initialization(srv);
call    0 returned 1
        -:   16:
        1:   17:    interface_run(ui);
call    0 returned 1
        -:   18:
        1:   19:    repo_destructor(repo);
call    0 returned 1
        1:   20:    service_destructor(srv);
call    0 returned 1
        1:   21:    interface_destructor(ui);
call    0 returned 1
        -:   22:
        1:   23:    return 0;
        -:   24:}
