        -:    0:Source:D:/Programming/Anul 1/OOP/Lab3-4/Domain/participant.c
        -:    0:Graph:D:\Programming\Anul 1\OOP\Lab3-4\cmake-build-debug-coverage\CMakeFiles\Lab3_4.dir\Domain\participant.c.gcno
        -:    0:Data:D:\Programming\Anul 1\OOP\Lab3-4\cmake-build-debug-coverage\CMakeFiles\Lab3_4.dir\Domain\participant.c.gcda
        -:    0:Runs:1
        -:    1:#include "participant.h"
        -:    2:#include "stdlib.h"
        -:    3:#include "string.h"
        -:    4:
        -:    5:struct type_participant{
        -:    6:    char *nume, *prenume;
        -:    7:    int scor;
        -:    8:};
        -:    9:
function create_participant called 5 returned 100% blocks executed 100%
        5:   10:type_participant* create_participant(char* nume, char*prenume, int scor){
        5:   11:    type_participant* participant = malloc(sizeof(type_participant));
        -:   12:
        5:   13:    participant->nume = malloc(strlen(nume) + 1);
        5:   14:    strcpy(participant->nume, nume);
        -:   15:
        5:   16:    participant->prenume = malloc(strlen(prenume) + 1);
        5:   17:    strcpy(participant->prenume, prenume);
        -:   18:
        5:   19:    participant->scor = scor;
        -:   20:
        5:   21:    return participant;
        5:   21-block  0
        -:   22:}
        -:   23:
function destory_participant called 0 returned 0% blocks executed 0%
    #####:   24:void destory_participant(type_participant* participant){
    #####:   25:    free(participant->nume);
    #####:   26:    free(participant->prenume);
    #####:   27:    free(participant);
    #####:   28:}
        -:   29:
function set_nume called 0 returned 0% blocks executed 0%
    #####:   30:void set_nume(type_participant* participant, char* nume){
    #####:   31:    free(participant->nume);
        -:   32:
    #####:   33:    participant->nume = malloc(strlen(nume) + 1);
    #####:   34:    strcpy(participant->nume, nume);
    #####:   35:}
        -:   36:
function set_prenume called 0 returned 0% blocks executed 0%
    #####:   37:void set_prenume(type_participant* participant, char* prenume){
    #####:   38:    free(participant->prenume);
        -:   39:
    #####:   40:    participant->prenume = malloc(strlen(prenume) + 1);
    #####:   41:    strcpy(participant->prenume, prenume);
    #####:   42:}
        -:   43:
function set_scor called 0 returned 0% blocks executed 0%
    #####:   44:void set_scor(type_participant* participant, int scor){
    #####:   45:    participant->scor = scor;
    #####:   46:}
        -:   47:
function get_nume called 5 returned 100% blocks executed 100%
        5:   48:const char* get_nume(type_participant* participant){
        5:   49:    return participant->nume;
        5:   49-block  0
        -:   50:}
        -:   51:
function get_prenume called 5 returned 100% blocks executed 100%
        5:   52:const char* get_prenume(type_participant* participant){
        5:   53:    return participant->prenume;
        5:   53-block  0
        -:   54:}
        -:   55:
function get_scor called 5 returned 100% blocks executed 100%
        5:   56:int get_scor(type_participant* participant){
        5:   57:    return participant->scor;
        5:   57-block  0
        -:   58:}
