        -:    0:Source:D:/Programming/Anul 1/OOP/Lab3-4/Service/service.c
        -:    0:Graph:D:\Programming\Anul 1\OOP\Lab3-4\cmake-build-debug-coverage\CMakeFiles\Lab3_4.dir\Service\service.c.gcno
        -:    0:Data:D:\Programming\Anul 1\OOP\Lab3-4\cmake-build-debug-coverage\CMakeFiles\Lab3_4.dir\Service\service.c.gcda
        -:    0:Runs:1
        -:    1:#include <stdlib.h>
        -:    2:#include <string.h>
        -:    3:#include "service.h"
        -:    4:#include "stdio.h"
        -:    5:
        -:    6:
function service_delete called 0 returned 0% blocks executed 0%
    #####:    7:int service_delete(char *id){
    #####:    8:    if(!is_id(id))
    %%%%%:    8-block  0
call    0 never executed
branch  1 never executed
branch  2 never executed
    #####:    9:        return 0;
    %%%%%:    9-block  0
    #####:   10:    if(repo_delete(atoi(id)) == 1)
    %%%%%:   10-block  0
call    0 never executed
call    1 never executed
branch  2 never executed
branch  3 never executed
    #####:   11:        return 1;
    %%%%%:   11-block  0
    #####:   12:    return 2;
    %%%%%:   12-block  0
        -:   13:}
        -:   14:
        -:   15:
function service_debug called 1 returned 100% blocks executed 100%
        1:   16:char* service_debug(){
        1:   17:    int end = repo_get_size();
        1:   17-block  0
call    0 returned 1
        1:   18:    char *out = (char *) malloc(end*224);
        -:   19:    char scor[4];
        1:   20:    out[0] = 0;
        -:   21:    type_participant *participant;
        6:   22:    for(int i = 0; i < end; i++){
        6:   22-block  0
branch  0 taken 5
branch  1 taken 1 (fallthrough)
        5:   23:        participant = repo_get_by_id(i);
        5:   23-block  0
call    0 returned 5
        5:   24:        strcat(out, get_nume(participant));
call    0 returned 5
        5:   25:        strcat(out, " ");
        5:   26:        strcat(out, get_prenume(participant));
call    0 returned 5
        5:   27:        strcat(out, " ");
        5:   28:        sprintf(scor,"%d", get_scor(participant));
call    0 returned 5
call    1 returned 5
        5:   29:        strcat(out, scor);
        5:   30:        strcat(out, "/100\n");
        -:   31:    }
        1:   32:    return out;
        1:   32-block  0
        -:   33:}
        -:   34:
function service_modify called 0 returned 0% blocks executed 0%
    #####:   35:int service_modify(char *id, char *nume, char *prenume, char *scor){
    #####:   36:    if(!(is_name(nume) && is_name(prenume) && is_score(scor) && is_id(id)))
    %%%%%:   36-block  0
call    0 never executed
branch  1 never executed
branch  2 never executed
    %%%%%:   36-block  1
call    3 never executed
branch  4 never executed
branch  5 never executed
    %%%%%:   36-block  2
call    6 never executed
branch  7 never executed
branch  8 never executed
    %%%%%:   36-block  3
call    9 never executed
branch 10 never executed
branch 11 never executed
    #####:   37:        return 0;
    %%%%%:   37-block  0
    #####:   38:    type_participant *participant = repo_get_by_id(atoi(id));
    %%%%%:   38-block  0
call    0 never executed
call    1 never executed
    #####:   39:    if(participant == NULL)
branch  0 never executed
branch  1 never executed
    #####:   40:        return 2;
    %%%%%:   40-block  0
        -:   41:
    #####:   42:    set_nume(participant, nume);
    %%%%%:   42-block  0
call    0 never executed
    #####:   43:    set_prenume(participant, prenume);
call    0 never executed
    #####:   44:    set_scor(participant, atoi(scor));
call    0 never executed
call    1 never executed
    #####:   45:    return 1;
        -:   46:}
        -:   47:
function service_add called 0 returned 0% blocks executed 0%
    #####:   48:int service_add(char *nume, char *prenume, char *scor){
    #####:   49:    if(!(is_name(nume) && is_name(prenume) && is_score(scor)))
    %%%%%:   49-block  0
call    0 never executed
branch  1 never executed
branch  2 never executed
    %%%%%:   49-block  1
call    3 never executed
branch  4 never executed
branch  5 never executed
    %%%%%:   49-block  2
call    6 never executed
branch  7 never executed
branch  8 never executed
    #####:   50:        return 0;
    %%%%%:   50-block  0
    #####:   51:    type_participant *participant = create_participant(nume, prenume, atoi(scor));
    %%%%%:   51-block  0
call    0 never executed
call    1 never executed
    #####:   52:    repo_add(participant);
call    0 never executed
    #####:   53:    return 1;
        -:   54:}
