        -:    0:Source:D:/Programming/Anul 1/OOP/Lab3-4/Validators/validators.c
        -:    0:Graph:D:\Programming\Anul 1\OOP\Lab3-4\cmake-build-debug-coverage\CMakeFiles\Lab3_4.dir\Validators\validators.c.gcno
        -:    0:Data:D:\Programming\Anul 1\OOP\Lab3-4\cmake-build-debug-coverage\CMakeFiles\Lab3_4.dir\Validators\validators.c.gcda
        -:    0:Runs:1
        -:    1:#include "validators.h"
        -:    2:#include <ctype.h>
        -:    3:#include <stdlib.h>
        -:    4:#include "string.h"
        -:    5:
        -:    6:
        -:    7:char name_connectors[] = "- '";
function is_id called 0 returned 0% blocks executed 0%
    #####:    8:int is_id(char *string){
    #####:    9:    int index = 0;
    #####:   10:    while(string[index] != 0)
    %%%%%:   10-block  0
    %%%%%:   10-block  1
branch  0 never executed
branch  1 never executed
        -:   11:    {
    #####:   12:        if(!isdigit(string[index]))
    %%%%%:   12-block  0
branch  0 never executed
branch  1 never executed
    #####:   13:            return 0;
    %%%%%:   13-block  0
    #####:   14:        index++;
    %%%%%:   14-block  0
        -:   15:    }
    #####:   16:    int number = atoi(string);
    %%%%%:   16-block  0
call    0 never executed
    #####:   17:    return 1;
        -:   18:}
        -:   19:
function is_score called 0 returned 0% blocks executed 0%
    #####:   20:int is_score(char *string){
    #####:   21:    int index = 0;
    #####:   22:    while(string[index] != '\0')
    %%%%%:   22-block  0
    %%%%%:   22-block  1
branch  0 never executed
branch  1 never executed
        -:   23:    {
    #####:   24:        if(!isdigit(string[index]))
    %%%%%:   24-block  0
branch  0 never executed
branch  1 never executed
    #####:   25:            return 0;
    %%%%%:   25-block  0
    #####:   26:        index++;
    %%%%%:   26-block  0
        -:   27:    }
    #####:   28:    int number = atoi(string);
    %%%%%:   28-block  0
call    0 never executed
    #####:   29:    if(number > 100 || number < 10)
branch  0 never executed
branch  1 never executed
    %%%%%:   29-block  0
branch  2 never executed
branch  3 never executed
    #####:   30:        return 0;
    %%%%%:   30-block  0
    #####:   31:    return 1;
    %%%%%:   31-block  0
        -:   32:}
        -:   33:
function is_name called 0 returned 0% blocks executed 0%
    #####:   34:int is_name(char *string){
    #####:   35:    if(strlen(string) > 50)
    %%%%%:   35-block  0
branch  0 never executed
branch  1 never executed
    #####:   36:        return 0;
    %%%%%:   36-block  0
    #####:   37:    int index = 0, i;
    #####:   38:    while(string[index] != 0)
    %%%%%:   38-block  0
    %%%%%:   38-block  1
branch  0 never executed
branch  1 never executed
        -:   39:    {
    #####:   40:        if(!isalpha(string[index])){
    %%%%%:   40-block  0
branch  0 never executed
branch  1 never executed
    #####:   41:            for(i = 0; name_connectors[i] != '\0';i++)
    %%%%%:   41-block  0
    %%%%%:   41-block  1
    %%%%%:   41-block  2
branch  0 never executed
branch  1 never executed
    #####:   42:                if(string[index] == name_connectors[i])
    %%%%%:   42-block  0
branch  0 never executed
branch  1 never executed
    #####:   43:                    break;
    %%%%%:   43-block  0
    #####:   44:            if(name_connectors[i] == '\0')
    %%%%%:   44-block  0
branch  0 never executed
branch  1 never executed
    #####:   45:                return 0;
    %%%%%:   45-block  0
        -:   46:        }
    #####:   47:        index++;
    %%%%%:   47-block  0
        -:   48:    }
    #####:   49:    return 1;
    %%%%%:   49-block  0
        -:   50:}
