        -:    0:Source:D:/Programming n shit/UBB/Anul 1/OOP/Lab6-7/Interface/interface.cpp
        -:    0:Graph:D:\Programming n shit\UBB\Anul 1\OOP\Lab6-7\cmake-build-debug-coverage\CMakeFiles\Lab6_7.dir\Interface\interface.cpp.gcno
        -:    0:Data:D:\Programming n shit\UBB\Anul 1\OOP\Lab6-7\cmake-build-debug-coverage\CMakeFiles\Lab6_7.dir\Interface\interface.cpp.gcda
        -:    0:Runs:1
        -:    1:#include "interface.h"
        -:    2:
function _ZN9interfaceC2ER7service called 1 returned 100% blocks executed 100%
        1:    3:interface::interface(service& srv): srv(srv){}
        1:    3-block  0
call    0 returned 1
        -:    4:
function _ZN9interface3runEv called 1 returned 100% blocks executed 30%
        1:    5:void interface::run() {
        1:    6:    menu();
        1:    6-block  0
call    0 returned 1
branch  1 taken 1 (fallthrough)
branch  2 taken 0 (throw)
        1:    7:    std::string input;
        1:    7-block  0
call    0 returned 1
        1:    8:    array<std::string> arg;
call    0 returned 1
branch  1 taken 1 (fallthrough)
branch  2 taken 0 (throw)
        -:    9:    size_t poz;
        1:   10:    std::string command;
        1:   10-block  0
call    0 returned 1
        -:   11:
        -:   12:    while(true){
        1:   13:        input.clear();
        1:   13-block  0
call    0 returned 1
        1:   14:        arg.clear();
call    0 returned 1
        -:   15:
        1:   16:        std::cout<<"Command:";
call    0 returned 1
branch  1 taken 1 (fallthrough)
branch  2 taken 0 (throw)
        1:   17:        std::getline(std::cin, input);
        1:   17-block  0
call    0 returned 1
branch  1 taken 1 (fallthrough)
branch  2 taken 0 (throw)
        -:   18:
        1:   19:        poz = input.find(' ');
        1:   19-block  0
call    0 returned 1
        1:   20:        if(poz == std::string::npos){
branch  0 taken 1 (fallthrough)
branch  1 taken 0
        1:   21:            command = input;
        1:   21-block  0
call    0 returned 1
branch  1 taken 1 (fallthrough)
branch  2 taken 0 (throw)
        -:   22:        }
        -:   23:        else {
    #####:   24:            command = input.substr(0, poz);
    %%%%%:   24-block  0
call    0 never executed
branch  1 never executed
branch  2 never executed
    %%%%%:   24-block  1
call    3 never executed
call    4 never executed
        -:   25:
    #####:   26:            input.erase(0, input.find(' ') + 1);
call    0 never executed
call    1 never executed
branch  2 never executed
branch  3 never executed
        -:   27:
    #####:   28:            while ((poz = input.find(", ")) != std::string::npos) {
    %%%%%:   28-block  0
    %%%%%:   28-block  1
call    0 never executed
branch  1 never executed
branch  2 never executed
    #####:   29:                arg.push_back(input.substr(0, poz));
    %%%%%:   29-block  0
call    0 never executed
branch  1 never executed
branch  2 never executed
    %%%%%:   29-block  1
call    3 never executed
branch  4 never executed
branch  5 never executed
    %%%%%:   29-block  2
call    6 never executed
    $$$$$:   29-block  3
call    7 never executed
    $$$$$:   29-block  4
    #####:   30:                input.erase(0, poz + 2);
call    0 never executed
branch  1 never executed
branch  2 never executed
        -:   31:            }
    #####:   32:            arg.push_back(input);
    %%%%%:   32-block  0
call    0 never executed
branch  1 never executed
branch  2 never executed
        -:   33:        }
        1:   34:        if(command == "exit")
        1:   34-block  0
call    0 returned 1
branch  1 taken 1 (fallthrough)
branch  2 taken 0
        1:   35:            break;
        1:   35-block  0
    #####:   36:        else if(command.empty())
    %%%%%:   36-block  0
call    0 never executed
branch  1 never executed
branch  2 never executed
    #####:   37:            continue;
    %%%%%:   37-block  0
    #####:   38:        else if(command == "add"){
    %%%%%:   38-block  0
call    0 never executed
branch  1 never executed
branch  2 never executed
    #####:   39:            add(arg);
    %%%%%:   39-block  0
call    0 never executed
branch  1 never executed
branch  2 never executed
        -:   40:        }
    #####:   41:        else if(command == "delete"){
    %%%%%:   41-block  0
call    0 never executed
branch  1 never executed
branch  2 never executed
    #####:   42:            del(arg);
    %%%%%:   42-block  0
call    0 never executed
branch  1 never executed
branch  2 never executed
        -:   43:        }
    #####:   44:        else if(command == "find"){
    %%%%%:   44-block  0
call    0 never executed
branch  1 never executed
branch  2 never executed
    #####:   45:            find(arg);
    %%%%%:   45-block  0
call    0 never executed
branch  1 never executed
branch  2 never executed
        -:   46:        }
    #####:   47:        else if(command == "show"){
    %%%%%:   47-block  0
call    0 never executed
branch  1 never executed
branch  2 never executed
    #####:   48:            show(arg);
    %%%%%:   48-block  0
call    0 never executed
branch  1 never executed
branch  2 never executed
        -:   49:        }
    #####:   50:        else if(command == "modify"){
    %%%%%:   50-block  0
call    0 never executed
branch  1 never executed
branch  2 never executed
    #####:   51:            modify(arg);
    %%%%%:   51-block  0
call    0 never executed
branch  1 never executed
branch  2 never executed
        -:   52:        }
    #####:   53:        else if(command == "help"){
    %%%%%:   53-block  0
call    0 never executed
branch  1 never executed
branch  2 never executed
    #####:   54:            menu();
    %%%%%:   54-block  0
call    0 never executed
branch  1 never executed
branch  2 never executed
        -:   55:        }
        -:   56:        else
    #####:   57:            std::cout<<"Invalid command!\n";
    %%%%%:   57-block  0
call    0 never executed
branch  1 never executed
branch  2 never executed
        -:   58:    }
        1:   59:}
        1:   59-block  0
call    0 returned 1
call    1 returned 1
call    2 returned 1
    $$$$$:   59-block  1
call    3 never executed
    $$$$$:   59-block  2
call    4 never executed
    $$$$$:   59-block  3
call    5 never executed
        -:   60:
function _ZN9interface3addER5arrayINSt7__cxx1112basic_stringIcSt11char_traitsIcESaIcEEEE called 0 returned 0% blocks executed 0%
    #####:   61:void interface::add(array<std::string>& arg){
    #####:   62:      if(arg.size() < 4){
    %%%%%:   62-block  0
call    0 never executed
branch  1 never executed
branch  2 never executed
    #####:   63:          std::cout<<"Too few arguments were given!\n";
    %%%%%:   63-block  0
call    0 never executed
        -:   64:      }
    #####:   65:      else if(arg.size()>4){
    %%%%%:   65-block  0
call    0 never executed
branch  1 never executed
branch  2 never executed
    #####:   66:          std::cout<<"Too many arguments were given!\n";
    %%%%%:   66-block  0
call    0 never executed
        -:   67:      }
        -:   68:      else{
        -:   69:          int apartment, area;
    #####:   70:          std::string owner, type;
    %%%%%:   70-block  0
call    0 never executed
call    1 never executed
        -:   71:          try{
    #####:   72:              apartment = std::stoi(arg[0]);
call    0 never executed
branch  1 never executed
branch  2 never executed
    %%%%%:   72-block  0
call    3 never executed
branch  4 never executed
branch  5 never executed
    #####:   73:              owner = arg[1];
    %%%%%:   73-block  0
call    0 never executed
branch  1 never executed
branch  2 never executed
    %%%%%:   73-block  1
call    3 never executed
branch  4 never executed
branch  5 never executed
    #####:   74:              type = arg[2];
    %%%%%:   74-block  0
call    0 never executed
branch  1 never executed
branch  2 never executed
    %%%%%:   74-block  1
call    3 never executed
branch  4 never executed
branch  5 never executed
    #####:   75:              area = std::stoi(arg[3]);
    %%%%%:   75-block  0
call    0 never executed
branch  1 never executed
branch  2 never executed
    %%%%%:   75-block  1
call    3 never executed
branch  4 never executed
branch  5 never executed
        -:   76:
    #####:   77:              if(apartment < 1 || area < 1)
    %%%%%:   77-block  0
branch  0 never executed
branch  1 never executed
    %%%%%:   77-block  1
branch  2 never executed
branch  3 never executed
    #####:   78:                  throw std::exception();
    %%%%%:   78-block  0
call    0 never executed
call    1 never executed
call    2 never executed
        -:   79:          }
    =====:   80:          catch (...){
    $$$$$:   80-block  0
    $$$$$:   80-block  1
call    0 never executed
    =====:   81:              std::cout<<"One or more arguments are invalid!\n";
call    0 never executed
branch  1 never executed
branch  2 never executed
    =====:   82:              return;
    =====:   83:          }
    $$$$$:   83-block  0
call    0 never executed
branch  1 never executed
branch  2 never executed
    $$$$$:   83-block  1
call    3 never executed
        -:   84:
        -:   85:          try{
    #####:   86:              srv.add(apartment, owner, type, area);
    %%%%%:   86-block  0
call    0 never executed
branch  1 never executed
branch  2 never executed
        -:   87:          }
    =====:   88:          catch (...){
    $$$$$:   88-block  0
    $$$$$:   88-block  1
call    0 never executed
    =====:   89:              std::cout<<"Tenant already exists!\n";
call    0 never executed
branch  1 never executed
branch  2 never executed
    =====:   90:              return;
    =====:   91:          }
    $$$$$:   91-block  0
call    0 never executed
branch  1 never executed
branch  2 never executed
    $$$$$:   91-block  1
call    3 never executed
    #####:   92:          std::cout<<"Tenant added.\n";
    %%%%%:   92-block  0
call    0 never executed
branch  1 never executed
branch  2 never executed
    #####:   93:      }
    %%%%%:   93-block  0
    %%%%%:   93-block  1
call    0 never executed
branch  1 never executed
branch  2 never executed
    %%%%%:   93-block  2
    %%%%%:   93-block  3
call    3 never executed
branch  4 never executed
branch  5 never executed
    $$$$$:   93-block  4
call    6 never executed
    $$$$$:   93-block  5
call    7 never executed
        -:   94:}
        -:   95:
function _ZN9interface4showER5arrayINSt7__cxx1112basic_stringIcSt11char_traitsIcESaIcEEEE called 0 returned 0% blocks executed 0%
    #####:   96:void interface::show(array<std::string> &arg) {
    #####:   97:    if(arg.size() > 0){
    %%%%%:   97-block  0
call    0 never executed
branch  1 never executed
branch  2 never executed
    #####:   98:        std::cout<<"Too many arguments were given!\n";
    %%%%%:   98-block  0
call    0 never executed
        -:   99:    }
        -:  100:    else{
    #####:  101:        auto out = srv.show();
    %%%%%:  101-block  0
call    0 never executed
branch  1 never executed
branch  2 never executed
    #####:  102:        if(out.empty())
    %%%%%:  102-block  0
call    0 never executed
branch  1 never executed
branch  2 never executed
    #####:  103:            std::cout<<"No tenant was found.\n";
    %%%%%:  103-block  0
call    0 never executed
branch  1 never executed
branch  2 never executed
        -:  104:        else
    #####:  105:            std::cout<<out;
    %%%%%:  105-block  0
call    0 never executed
branch  1 never executed
branch  2 never executed
    #####:  106:    }
    %%%%%:  106-block  0
call    0 never executed
    $$$$$:  106-block  1
call    1 never executed
        -:  107:
    #####:  108:}
    %%%%%:  108-block  0
        -:  109:
function _ZN9interface3delER5arrayINSt7__cxx1112basic_stringIcSt11char_traitsIcESaIcEEEE called 0 returned 0% blocks executed 0%
    #####:  110:void interface::del(array<std::string>& arg){
    #####:  111:    if(arg.size() < 4){
    %%%%%:  111-block  0
call    0 never executed
branch  1 never executed
branch  2 never executed
    #####:  112:        std::cout<<"Too few arguments were given!\n";
    %%%%%:  112-block  0
call    0 never executed
        -:  113:    }
    #####:  114:    else if(arg.size()>4){
    %%%%%:  114-block  0
call    0 never executed
branch  1 never executed
branch  2 never executed
    #####:  115:        std::cout<<"Too many arguments were given!\n";
    %%%%%:  115-block  0
call    0 never executed
        -:  116:    }
        -:  117:    else{
        -:  118:        int apartment, area;
    #####:  119:        std::string owner, type;
    %%%%%:  119-block  0
call    0 never executed
call    1 never executed
        -:  120:        try{
    #####:  121:            apartment = std::stoi(arg[0]);
call    0 never executed
branch  1 never executed
branch  2 never executed
    %%%%%:  121-block  0
call    3 never executed
branch  4 never executed
branch  5 never executed
    #####:  122:            owner = arg[1];
    %%%%%:  122-block  0
call    0 never executed
branch  1 never executed
branch  2 never executed
    %%%%%:  122-block  1
call    3 never executed
branch  4 never executed
branch  5 never executed
    #####:  123:            type = arg[2];
    %%%%%:  123-block  0
call    0 never executed
branch  1 never executed
branch  2 never executed
    %%%%%:  123-block  1
call    3 never executed
branch  4 never executed
branch  5 never executed
    #####:  124:            area = std::stoi(arg[3]);
    %%%%%:  124-block  0
call    0 never executed
branch  1 never executed
branch  2 never executed
    %%%%%:  124-block  1
call    3 never executed
branch  4 never executed
branch  5 never executed
    #####:  125:            if(apartment < 1 || area < 1)
    %%%%%:  125-block  0
branch  0 never executed
branch  1 never executed
    %%%%%:  125-block  1
branch  2 never executed
branch  3 never executed
    #####:  126:                throw std::exception();
    %%%%%:  126-block  0
call    0 never executed
call    1 never executed
call    2 never executed
        -:  127:        }
    =====:  128:        catch (...){
    $$$$$:  128-block  0
    $$$$$:  128-block  1
call    0 never executed
    =====:  129:            std::cout<<"One or more arguments are invalid!\n";
call    0 never executed
branch  1 never executed
branch  2 never executed
    =====:  130:            return;
    =====:  131:        }
    $$$$$:  131-block  0
call    0 never executed
branch  1 never executed
branch  2 never executed
    $$$$$:  131-block  1
call    3 never executed
        -:  132:
        -:  133:        try{
    #####:  134:            srv.del(apartment, owner, type, area);
    %%%%%:  134-block  0
call    0 never executed
branch  1 never executed
branch  2 never executed
        -:  135:        }
    =====:  136:        catch (...){
    $$$$$:  136-block  0
    $$$$$:  136-block  1
call    0 never executed
    =====:  137:            std::cout<<"Tenant doesn't exists!\n";
call    0 never executed
branch  1 never executed
branch  2 never executed
    =====:  138:            return;
    =====:  139:        }
    $$$$$:  139-block  0
call    0 never executed
branch  1 never executed
branch  2 never executed
    $$$$$:  139-block  1
call    3 never executed
    #####:  140:        std::cout<<"Tenant deleted.\n";
    %%%%%:  140-block  0
call    0 never executed
branch  1 never executed
branch  2 never executed
    #####:  141:    }
    %%%%%:  141-block  0
    %%%%%:  141-block  1
call    0 never executed
branch  1 never executed
branch  2 never executed
    %%%%%:  141-block  2
    %%%%%:  141-block  3
call    3 never executed
branch  4 never executed
branch  5 never executed
    $$$$$:  141-block  4
call    6 never executed
    $$$$$:  141-block  5
call    7 never executed
        -:  142:}
        -:  143:
function _ZN9interface4findER5arrayINSt7__cxx1112basic_stringIcSt11char_traitsIcESaIcEEEE called 0 returned 0% blocks executed 0%
    #####:  144:void interface::find(array<std::string>& arg){
    #####:  145:    if(arg.size() < 1){
    %%%%%:  145-block  0
call    0 never executed
branch  1 never executed
branch  2 never executed
    #####:  146:        std::cout<<"Too few arguments were given!\n";
    %%%%%:  146-block  0
call    0 never executed
        -:  147:    }
    #####:  148:    else if(arg.size()>1){
    %%%%%:  148-block  0
call    0 never executed
branch  1 never executed
branch  2 never executed
    #####:  149:        std::cout<<"Too many arguments were given!\n";
    %%%%%:  149-block  0
call    0 never executed
        -:  150:    }
        -:  151:    else{
        -:  152:        int apartment;
        -:  153:        try{
    #####:  154:            apartment = std::stoi(arg[0]);
    %%%%%:  154-block  0
call    0 never executed
branch  1 never executed
branch  2 never executed
    %%%%%:  154-block  1
call    3 never executed
branch  4 never executed
branch  5 never executed
    #####:  155:            if(apartment < 1)
    %%%%%:  155-block  0
branch  0 never executed
branch  1 never executed
    #####:  156:                throw std::exception();
    %%%%%:  156-block  0
call    0 never executed
call    1 never executed
call    2 never executed
        -:  157:        }
    =====:  158:        catch (...){
    $$$$$:  158-block  0
    $$$$$:  158-block  1
call    0 never executed
    =====:  159:            std::cout<<"One or more arguments are invalid!\n";
call    0 never executed
branch  1 never executed
branch  2 never executed
    =====:  160:            return;
    =====:  161:        }
    $$$$$:  161-block  0
call    0 never executed
    $$$$$:  161-block  1
call    1 never executed
        -:  162:
        -:  163:        try{
    #####:  164:            auto out = srv.find(apartment);
    %%%%%:  164-block  0
call    0 never executed
branch  1 never executed
branch  2 never executed
        -:  165:
    #####:  166:            if(out.empty())
    %%%%%:  166-block  0
call    0 never executed
branch  1 never executed
branch  2 never executed
    #####:  167:                std::cout<<"No tenant was found.\n";
    %%%%%:  167-block  0
call    0 never executed
branch  1 never executed
branch  2 never executed
        -:  168:            else
    #####:  169:                std::cout<<out;
    %%%%%:  169-block  0
call    0 never executed
branch  1 never executed
branch  2 never executed
    #####:  170:        }
    %%%%%:  170-block  0
call    0 never executed
    $$$$$:  170-block  1
call    1 never executed
    =====:  171:        catch (...){
    $$$$$:  171-block  0
    $$$$$:  171-block  1
call    0 never executed
    =====:  172:            std::cout<<"No tenant was found!\n";
call    0 never executed
branch  1 never executed
branch  2 never executed
    =====:  173:            return;
    =====:  174:        }
    $$$$$:  174-block  0
call    0 never executed
    $$$$$:  174-block  1
call    1 never executed
        -:  175:    }
        -:  176:}
        -:  177:
function _ZN9interface6modifyER5arrayINSt7__cxx1112basic_stringIcSt11char_traitsIcESaIcEEEE called 0 returned 0% blocks executed 0%
    #####:  178:void interface::modify(array<std::string>& arg){
    #####:  179:    if(arg.size() < 8){
    %%%%%:  179-block  0
call    0 never executed
branch  1 never executed
branch  2 never executed
    #####:  180:        std::cout<<"Too few arguments were given!\n";
    %%%%%:  180-block  0
call    0 never executed
        -:  181:    }
    #####:  182:    else if(arg.size()>8){
    %%%%%:  182-block  0
call    0 never executed
branch  1 never executed
branch  2 never executed
    #####:  183:        std::cout<<"Too many arguments were given!\n";
    %%%%%:  183-block  0
call    0 never executed
        -:  184:    }
        -:  185:    else{
        -:  186:        int apartment, area, new_apartment, new_area;
    #####:  187:        std::string owner, type, new_owner, new_type;
    %%%%%:  187-block  0
call    0 never executed
call    1 never executed
call    2 never executed
call    3 never executed
        -:  188:        try{
    #####:  189:            apartment = std::stoi(arg[0]);
call    0 never executed
branch  1 never executed
branch  2 never executed
    %%%%%:  189-block  0
call    3 never executed
branch  4 never executed
branch  5 never executed
    #####:  190:            owner = arg[1];
    %%%%%:  190-block  0
call    0 never executed
branch  1 never executed
branch  2 never executed
    %%%%%:  190-block  1
call    3 never executed
branch  4 never executed
branch  5 never executed
    #####:  191:            type = arg[2];
    %%%%%:  191-block  0
call    0 never executed
branch  1 never executed
branch  2 never executed
    %%%%%:  191-block  1
call    3 never executed
branch  4 never executed
branch  5 never executed
    #####:  192:            area = std::stoi(arg[3]);
    %%%%%:  192-block  0
call    0 never executed
branch  1 never executed
branch  2 never executed
    %%%%%:  192-block  1
call    3 never executed
branch  4 never executed
branch  5 never executed
    #####:  193:            new_apartment = std::stoi(arg[4]);
    %%%%%:  193-block  0
call    0 never executed
branch  1 never executed
branch  2 never executed
    %%%%%:  193-block  1
call    3 never executed
branch  4 never executed
branch  5 never executed
    #####:  194:            new_owner = arg[5];
    %%%%%:  194-block  0
call    0 never executed
branch  1 never executed
branch  2 never executed
    %%%%%:  194-block  1
call    3 never executed
branch  4 never executed
branch  5 never executed
    #####:  195:            new_type = arg[6];
    %%%%%:  195-block  0
call    0 never executed
branch  1 never executed
branch  2 never executed
    %%%%%:  195-block  1
call    3 never executed
branch  4 never executed
branch  5 never executed
    #####:  196:            new_area = std::stoi(arg[7]);
    %%%%%:  196-block  0
call    0 never executed
branch  1 never executed
branch  2 never executed
    %%%%%:  196-block  1
call    3 never executed
branch  4 never executed
branch  5 never executed
        -:  197:
    #####:  198:            if(apartment < 1 || area < 1 || new_apartment < 1 || new_area < 1)
    %%%%%:  198-block  0
branch  0 never executed
branch  1 never executed
    %%%%%:  198-block  1
branch  2 never executed
branch  3 never executed
    %%%%%:  198-block  2
branch  4 never executed
branch  5 never executed
    %%%%%:  198-block  3
branch  6 never executed
branch  7 never executed
    #####:  199:                throw std::exception();
    %%%%%:  199-block  0
call    0 never executed
call    1 never executed
call    2 never executed
        -:  200:        }
    =====:  201:        catch (...){
    $$$$$:  201-block  0
    $$$$$:  201-block  1
call    0 never executed
    =====:  202:            std::cout<<"One or more arguments are invalid!\n";
call    0 never executed
branch  1 never executed
branch  2 never executed
    =====:  203:            return;
    =====:  204:        }
    $$$$$:  204-block  0
call    0 never executed
branch  1 never executed
branch  2 never executed
    $$$$$:  204-block  1
call    3 never executed
        -:  205:
        -:  206:        try{
    #####:  207:            srv.modify(apartment, owner, type, area, new_apartment, new_owner, new_type, new_area);
    %%%%%:  207-block  0
call    0 never executed
branch  1 never executed
branch  2 never executed
        -:  208:        }
    =====:  209:        catch (...){
    $$$$$:  209-block  0
    $$$$$:  209-block  1
call    0 never executed
    =====:  210:            std::cout<<"Tenant doesn't exists!\n";
call    0 never executed
branch  1 never executed
branch  2 never executed
    =====:  211:            return;
    =====:  212:        }
    $$$$$:  212-block  0
call    0 never executed
branch  1 never executed
branch  2 never executed
    $$$$$:  212-block  1
call    3 never executed
    #####:  213:        std::cout<<"Tenant modified.\n";
    %%%%%:  213-block  0
call    0 never executed
branch  1 never executed
branch  2 never executed
    #####:  214:    }
    %%%%%:  214-block  0
    %%%%%:  214-block  1
call    0 never executed
branch  1 never executed
branch  2 never executed
    %%%%%:  214-block  2
    %%%%%:  214-block  3
call    3 never executed
branch  4 never executed
branch  5 never executed
    %%%%%:  214-block  4
    %%%%%:  214-block  5
call    6 never executed
branch  7 never executed
branch  8 never executed
    %%%%%:  214-block  6
    %%%%%:  214-block  7
call    9 never executed
branch 10 never executed
branch 11 never executed
    $$$$$:  214-block  8
call   12 never executed
    $$$$$:  214-block  9
call   13 never executed
    $$$$$:  214-block 10
call   14 never executed
    $$$$$:  214-block 11
call   15 never executed
        -:  215:}
        -:  216:
function _ZN9interface4menuEv called 1 returned 100% blocks executed 100%
        1:  217:void interface::menu() {
        -:  218:    std::cout<<"Menu:\n"
        -:  219:               "* add (int)apartment, (alpha)owner, (alpha)type, (int)area\n"
        -:  220:               "* del (int)apartment, (alpha)owner, (alpha)type, (int)area\n"
        -:  221:               "* modify (int)apartment, (alpha)owner, (alpha)type, (int)area,\n  (int)new_apartment, (alpha)new_owner, (alpha)new_type, (int)new_area\n"
        -:  222:               "* show\n"
        1:  223:               "* find (int)apartment\n"
        1:  223-block  0
call    0 returned 1
        -:  224:               ;
        1:  225:}
