        -:    0:Source:D:/Programming n shit/UBB/Anul 1/OOP/Lab6-7/main.cpp
        -:    0:Graph:D:\Programming n shit\UBB\Anul 1\OOP\Lab6-7\cmake-build-debug-coverage\CMakeFiles\Lab6_7.dir\main.cpp.gcno
        -:    0:Data:D:\Programming n shit\UBB\Anul 1\OOP\Lab6-7\cmake-build-debug-coverage\CMakeFiles\Lab6_7.dir\main.cpp.gcda
        -:    0:Runs:1
        -:    1:#include "Repository/repository.h"
        -:    2:#include "Service/service.h"
        -:    3:#include "Interface/interface.h"
        -:    4:#include "test/test.h"
        -:    5:
function main called 1 returned 100% blocks executed 65%
        1:    6:int main() {
        1:    7:    test::run();
        1:    7-block  0
call    0 returned 1
branch  1 taken 1 (fallthrough)
branch  2 taken 0 (throw)
        1:    8:    repository repo;
        1:    8-block  0
call    0 returned 1
branch  1 taken 1 (fallthrough)
branch  2 taken 0 (throw)
        1:    9:    service srv(repo);
        1:    9-block  0
call    0 returned 1
branch  1 taken 1 (fallthrough)
branch  2 taken 0 (throw)
        1:   10:    interface ui(srv);
        1:   10-block  0
call    0 returned 1
branch  1 taken 1 (fallthrough)
branch  2 taken 0 (throw)
        1:   11:    ui.run();
        1:   11-block  0
call    0 returned 1
branch  1 taken 1 (fallthrough)
branch  2 taken 0 (throw)
        1:   12:    return 0;
        1:   13:}
        1:   13-block  0
call    0 returned 1
call    1 returned 1
call    2 returned 1
    $$$$$:   13-block  1
call    3 never executed
    $$$$$:   13-block  2
call    4 never executed
    $$$$$:   13-block  3
call    5 never executed
