        -:    0:Source:D:/Programming n shit/UBB/Anul 1/OOP/Lab6-7/test/test.cpp
        -:    0:Graph:D:\Programming n shit\UBB\Anul 1\OOP\Lab6-7\cmake-build-debug-coverage\CMakeFiles\Lab6_7.dir\test\test.cpp.gcno
        -:    0:Data:D:\Programming n shit\UBB\Anul 1\OOP\Lab6-7\cmake-build-debug-coverage\CMakeFiles\Lab6_7.dir\test\test.cpp.gcda
        -:    0:Runs:1
        -:    1:#include "test.h"
        -:    2:
function _ZN4test3runEv called 1 returned 100% blocks executed 100%
        1:    3:void test::run() {
        1:    4:    domain_test();
        1:    4-block  0
call    0 returned 1
        1:    5:    service_test();
call    0 returned 1
        1:    6:    repository_test();
call    0 returned 1
        1:    7:}
        -:    8:
function _ZN4test11domain_testEv called 1 returned 100% blocks executed 51%
        1:    9:void test::domain_test() {
        2:   10:    tenant t(1, "Alin", "big", 1);
        1:   10-block  0
call    0 returned 1
call    1 returned 1
branch  2 taken 1 (fallthrough)
branch  3 taken 0 (throw)
        1:   10-block  1
call    4 returned 1
call    5 returned 1
branch  6 taken 1 (fallthrough)
branch  7 taken 0 (throw)
        1:   10-block  2
call    8 returned 1
branch  9 taken 1 (fallthrough)
branch 10 taken 0 (throw)
call   11 returned 1
call   12 returned 1
call   13 returned 1
    $$$$$:   10-block  3
    $$$$$:   10-block  4
    $$$$$:   10-block  5
    $$$$$:   10-block  6
       1*:   11:    assert(t.get_apartment() == 1);
call    0 returned 1
branch  1 taken 1 (fallthrough)
branch  2 taken 0 (throw)
        1:   11-block  0
branch  3 taken 0 (fallthrough)
branch  4 taken 1
    %%%%%:   11-block  1
call    5 never executed
branch  6 never executed
branch  7 never executed
        1:   11-block  2
    %%%%%:   11-block  3
       1*:   12:    assert(t.get_area() == 1);
        1:   12-block  0
call    0 returned 1
branch  1 taken 1 (fallthrough)
branch  2 taken 0 (throw)
        1:   12-block  1
branch  3 taken 0 (fallthrough)
branch  4 taken 1
    %%%%%:   12-block  2
call    5 never executed
branch  6 never executed
branch  7 never executed
        1:   12-block  3
    %%%%%:   12-block  4
       1*:   13:    assert(t.get_owner() == "Alin");
        1:   13-block  0
call    0 returned 1
branch  1 taken 1 (fallthrough)
branch  2 taken 0 (throw)
        1:   13-block  1
call    3 returned 1
branch  4 taken 0 (fallthrough)
branch  5 taken 1
    %%%%%:   13-block  2
call    6 never executed
branch  7 never executed
branch  8 never executed
        1:   13-block  3
    %%%%%:   13-block  4
        1:   13-block  5
branch  9 taken 1 (fallthrough)
branch 10 taken 0
        1:   13-block  6
call   11 returned 1
    $$$$$:   13-block  7
branch 12 never executed
branch 13 never executed
    $$$$$:   13-block  8
call   14 never executed
    $$$$$:   13-block  9
       1*:   14:    assert(t.get_type() == "big");
        1:   14-block  0
call    0 returned 1
branch  1 taken 1 (fallthrough)
branch  2 taken 0 (throw)
        1:   14-block  1
call    3 returned 1
branch  4 taken 0 (fallthrough)
branch  5 taken 1
    %%%%%:   14-block  2
call    6 never executed
branch  7 never executed
branch  8 never executed
        1:   14-block  3
    %%%%%:   14-block  4
        1:   14-block  5
branch  9 taken 1 (fallthrough)
branch 10 taken 0
        1:   14-block  6
call   11 returned 1
    $$$$$:   14-block  7
branch 12 never executed
branch 13 never executed
    $$$$$:   14-block  8
call   14 never executed
    $$$$$:   14-block  9
        -:   15:
        1:   16:    t.set_type("Bomba");
        1:   16-block  0
call    0 returned 1
call    1 returned 1
branch  2 taken 1 (fallthrough)
branch  3 taken 0 (throw)
        1:   16-block  1
call    4 returned 1
branch  5 taken 1 (fallthrough)
branch  6 taken 0 (throw)
        1:   16-block  2
call    7 returned 1
call    8 returned 1
    $$$$$:   16-block  3
call    9 never executed
    $$$$$:   16-block  4
    $$$$$:   16-block  5
call   10 never executed
    $$$$$:   16-block  6
        -:   17:
        1:   18:    t.set_owner("Bomba");
call    0 returned 1
call    1 returned 1
branch  2 taken 1 (fallthrough)
branch  3 taken 0 (throw)
        1:   18-block  0
call    4 returned 1
branch  5 taken 1 (fallthrough)
branch  6 taken 0 (throw)
        1:   18-block  1
call    7 returned 1
call    8 returned 1
    $$$$$:   18-block  2
call    9 never executed
    $$$$$:   18-block  3
    $$$$$:   18-block  4
call   10 never executed
    $$$$$:   18-block  5
        -:   19:
        1:   20:    t.set_apartment(1);
call    0 returned 1
branch  1 taken 1 (fallthrough)
branch  2 taken 0 (throw)
        -:   21:
        1:   22:    t.set_area(321);
        1:   22-block  0
call    0 returned 1
branch  1 taken 1 (fallthrough)
branch  2 taken 0 (throw)
        -:   23:
        1:   24:    auto str = t.str();
        1:   24-block  0
call    0 returned 1
branch  1 taken 1 (fallthrough)
branch  2 taken 0 (throw)
        -:   25:
       1*:   26:    assert(t == t);
        1:   26-block  0
call    0 returned 1
branch  1 taken 1 (fallthrough)
branch  2 taken 0 (throw)
        1:   26-block  1
branch  3 taken 0 (fallthrough)
branch  4 taken 1
    %%%%%:   26-block  2
call    5 never executed
branch  6 never executed
branch  7 never executed
        1:   26-block  3
    %%%%%:   26-block  4
        -:   27:
       1*:   28:    assert((t != t) == 0);
        1:   28-block  0
call    0 returned 1
branch  1 taken 1 (fallthrough)
branch  2 taken 0 (throw)
        1:   28-block  1
branch  3 taken 0 (fallthrough)
branch  4 taken 1
    %%%%%:   28-block  2
call    5 never executed
branch  6 never executed
branch  7 never executed
        1:   28-block  3
    %%%%%:   28-block  4
        -:   29:
        1:   30:}
        1:   30-block  0
call    0 returned 1
call    1 returned 1
    $$$$$:   30-block  1
call    2 never executed
    $$$$$:   30-block  2
call    3 never executed
        -:   31:
function _ZN4test12service_testEv called 1 returned 100% blocks executed 67%
        1:   32:void test::service_test() {
        1:   33:    repository repo;
        1:   33-block  0
call    0 returned 1
branch  1 taken 1 (fallthrough)
branch  2 taken 0 (throw)
        1:   34:    service srv(repo);
        1:   34-block  0
call    0 returned 1
branch  1 taken 1 (fallthrough)
branch  2 taken 0 (throw)
        2:   35:    std::string name = "alin", type = "big";
        1:   35-block  0
call    0 returned 1
call    1 returned 1
branch  2 taken 1 (fallthrough)
branch  3 taken 0 (throw)
call    4 returned 1
call    5 returned 1
branch  6 taken 1 (fallthrough)
branch  7 taken 0 (throw)
    $$$$$:   35-block  1
    $$$$$:   35-block  2
        -:   36:
        1:   37:    srv.add(1, name, type, 1);
call    0 returned 1
branch  1 taken 1 (fallthrough)
branch  2 taken 0 (throw)
        -:   38:
        -:   39:
        -:   40:    try{
        1:   41:        srv.add(1, name, type, 1);
        1:   41-block  0
call    0 returned 1
branch  1 taken 0 (fallthrough)
branch  2 taken 1 (throw)
    #####:   42:        assert(false);
    %%%%%:   42-block  0
call    0 never executed
branch  1 never executed
branch  2 never executed
        -:   43:    }
        1:   44:    catch(...){
        1:   44-block  0
        1:   44-block  1
call    0 returned 1
        1:   45:    }
call    0 returned 1
branch  1 taken 1 (fallthrough)
branch  2 taken 0 (throw)
        -:   46:
        1:   47:    srv.modify(1, 10, name, type, 1);
        1:   47-block  0
call    0 returned 1
branch  1 taken 1 (fallthrough)
branch  2 taken 0 (throw)
        -:   48:
        -:   49:    try{
        1:   50:        srv.modify(103211, 10, name, type, 1);
        1:   50-block  0
call    0 returned 1
branch  1 taken 0 (fallthrough)
branch  2 taken 1 (throw)
    #####:   51:        assert(false);
    %%%%%:   51-block  0
call    0 never executed
branch  1 never executed
branch  2 never executed
        -:   52:    }
        1:   53:    catch(...){
        1:   53-block  0
        1:   53-block  1
call    0 returned 1
        1:   54:    }
call    0 returned 1
branch  1 taken 1 (fallthrough)
branch  2 taken 0 (throw)
        -:   55:
        1:   56:    std::string s;
        1:   56-block  0
call    0 returned 1
        -:   57:
        1:   58:    s = srv.show();
call    0 returned 1
branch  1 taken 1 (fallthrough)
branch  2 taken 0 (throw)
        1:   58-block  0
call    3 returned 1
call    4 returned 1
        1:   59:    s.clear();
call    0 returned 1
        -:   60:
        1:   61:    s = srv.find(10);
call    0 returned 1
branch  1 taken 1 (fallthrough)
branch  2 taken 0 (throw)
        1:   61-block  0
call    3 returned 1
call    4 returned 1
        1:   62:    s.clear();
call    0 returned 1
        -:   63:
        1:   64:    srv.del( 10);
call    0 returned 1
branch  1 taken 1 (fallthrough)
branch  2 taken 0 (throw)
        -:   65:
        -:   66:    try{
        1:   67:        srv.del( 10);
        1:   67-block  0
call    0 returned 1
branch  1 taken 0 (fallthrough)
branch  2 taken 1 (throw)
    #####:   68:        assert(false);
    %%%%%:   68-block  0
call    0 never executed
branch  1 never executed
branch  2 never executed
        -:   69:    }
        1:   70:    catch(...){
        1:   70-block  0
        1:   70-block  1
call    0 returned 1
        1:   71:    }
call    0 returned 1
branch  1 taken 1 (fallthrough)
branch  2 taken 0 (throw)
        1:   72:}
        1:   72-block  0
call    0 returned 1
call    1 returned 1
call    2 returned 1
call    3 returned 1
call    4 returned 1
    $$$$$:   72-block  1
call    5 never executed
    $$$$$:   72-block  2
call    6 never executed
    $$$$$:   72-block  3
call    7 never executed
    $$$$$:   72-block  4
call    8 never executed
    $$$$$:   72-block  5
call    9 never executed
        -:   73:
function _ZN4test15repository_testEv called 1 returned 100% blocks executed 55%
        1:   74:void test::repository_test() {
        2:   75:    tenant t(1, "Alin", "big", 1);
        1:   75-block  0
call    0 returned 1
call    1 returned 1
branch  2 taken 1 (fallthrough)
branch  3 taken 0 (throw)
        1:   75-block  1
call    4 returned 1
call    5 returned 1
branch  6 taken 1 (fallthrough)
branch  7 taken 0 (throw)
        1:   75-block  2
call    8 returned 1
branch  9 taken 1 (fallthrough)
branch 10 taken 0 (throw)
call   11 returned 1
call   12 returned 1
call   13 returned 1
    $$$$$:   75-block  3
    $$$$$:   75-block  4
    $$$$$:   75-block  5
    $$$$$:   75-block  6
        1:   76:    repository repo;
call    0 returned 1
branch  1 taken 1 (fallthrough)
branch  2 taken 0 (throw)
        -:   77:
        1:   78:    repo.add(t);
        1:   78-block  0
call    0 returned 1
branch  1 taken 1 (fallthrough)
branch  2 taken 0 (throw)
        -:   79:
        1:   80:    auto i = repo.find(t.get_apartment());
        1:   80-block  0
call    0 returned 1
branch  1 taken 1 (fallthrough)
branch  2 taken 0 (throw)
        1:   80-block  1
call    3 returned 1
branch  4 taken 1 (fallthrough)
branch  5 taken 0 (throw)
        -:   81:
       1*:   82:    assert(i == 0);
        1:   82-block  0
branch  0 taken 0 (fallthrough)
branch  1 taken 1
    %%%%%:   82-block  1
call    2 never executed
branch  3 never executed
branch  4 never executed
        1:   82-block  2
    %%%%%:   82-block  3
        -:   83:
        1:   84:    auto& l = repo.get_list();
        1:   84-block  0
call    0 returned 1
branch  1 taken 1 (fallthrough)
branch  2 taken 0 (throw)
        -:   85:
        1:   86:    auto p = repo.get_position(0);
        1:   86-block  0
call    0 returned 1
branch  1 taken 1 (fallthrough)
branch  2 taken 0 (throw)
        1:   86-block  1
call    3 returned 1
branch  4 taken 1 (fallthrough)
branch  5 taken 0 (throw)
        1:   87:    auto temp = p.str();
        1:   87-block  0
call    0 returned 1
branch  1 taken 1 (fallthrough)
branch  2 taken 0 (throw)
        1:   88:    temp.clear();
        1:   88-block  0
call    0 returned 1
        -:   89:
       1*:   90:    assert(p == t);
call    0 returned 1
branch  1 taken 1 (fallthrough)
branch  2 taken 0 (throw)
        1:   90-block  0
branch  3 taken 0 (fallthrough)
branch  4 taken 1
    %%%%%:   90-block  1
call    5 never executed
branch  6 never executed
branch  7 never executed
        1:   90-block  2
    %%%%%:   90-block  3
        1:   91:}
        1:   91-block  0
call    0 returned 1
call    1 returned 1
call    2 returned 1
call    3 returned 1
    $$$$$:   91-block  1
call    4 never executed
    $$$$$:   91-block  2
call    5 never executed
    $$$$$:   91-block  3
call    6 never executed
    $$$$$:   91-block  4
call    7 never executed
