        -:    0:Source:D:/Programming n shit/UBB/Anul 1/OOP/Lab8-9/main.cpp
        -:    0:Graph:D:\Programming n shit\UBB\Anul 1\OOP\Lab8-9\cmake-build-debug-coverage\CMakeFiles\Lab8_9.dir\main.cpp.gcno
        -:    0:Data:D:\Programming n shit\UBB\Anul 1\OOP\Lab8-9\cmake-build-debug-coverage\CMakeFiles\Lab8_9.dir\main.cpp.gcda
        -:    0:Runs:1
        -:    0:Source is newer than graph
        -:    1:#include "Repository/repository.h"
        -:    2:#include "NewRepository/newrepository.h"
        -:    3:#include "Service/service.h"
        -:    4:#include "Interface/interface.h"
        -:    5:#include "test/test.h"
function main called 1 returned 100% blocks executed 71%
        1:    6:
        1:    7:int main() {
        1:    7-block  0
call    0 returned 1
branch  1 taken 1 (fallthrough)
branch  2 taken 0 (throw)
        1:    8:    test::run();
        1:    8-block  0
call    0 returned 1
        1:    9:    newrepository repo;
call    0 returned 1
branch  1 taken 1 (fallthrough)
branch  2 taken 0 (throw)
        1:   10:    service srv(repo);
        1:   10-block  0
call    0 returned 1
branch  1 taken 1 (fallthrough)
branch  2 taken 0 (throw)
        1:   11:    interface ui(srv);
        1:   11-block  0
call    0 returned 1
branch  1 taken 1 (fallthrough)
branch  2 taken 0 (throw)
        1:   12:    ui.run();
        1:   13:    return 0;
        1:   13-block  0
call    0 returned 1
call    1 returned 1
    $$$$$:   13-block  1
call    2 never executed
    $$$$$:   13-block  2
call    3 never executed
        -:   14:}
