        -:    0:Source:D:/Programming n shit/UBB/Anul 1/OOP/Lab8-9/Domain/tenant.cpp
        -:    0:Graph:D:\Programming n shit\UBB\Anul 1\OOP\Lab8-9\cmake-build-debug-coverage\CMakeFiles\Lab8_9.dir\Domain\tenant.cpp.gcno
        -:    0:Data:D:\Programming n shit\UBB\Anul 1\OOP\Lab8-9\cmake-build-debug-coverage\CMakeFiles\Lab8_9.dir\Domain\tenant.cpp.gcda
        -:    0:Runs:1
        -:    1:#include "tenant.h"
        -:    2:
        -:    3:#include <utility>
        -:    4:
function _ZN6tenantC2EiNSt7__cxx1112basic_stringIcSt11char_traitsIcESaIcEEES5_i called 6 returned 100% blocks executed 100%
        6:    5:tenant::tenant(int apartment, std::string owner, std::string type, int area)
        6:    6::apartment(apartment), owner(std::move(owner)), type(std::move(type)), area(area)
        6:    6-block  0
call    0 returned 6
call    1 returned 6
call    2 returned 6
call    3 returned 6
        -:    7:{
        6:    8:}
        -:    9:
function _ZN6tenantC2ERKS_ called 16 returned 100% blocks executed 70%
       16:   10:tenant::tenant(const tenant& other){
       16:   10-block  0
call    0 returned 16
call    1 returned 16
       16:   11:    std::cout<<"copi\n";
call    0 returned 16
branch  1 taken 16 (fallthrough)
branch  2 taken 0 (throw)
       16:   12:    owner = other.owner;
       16:   12-block  0
call    0 returned 16
branch  1 taken 16 (fallthrough)
branch  2 taken 0 (throw)
       16:   13:    type = other.type;
       16:   13-block  0
call    0 returned 16
branch  1 taken 16 (fallthrough)
branch  2 taken 0 (throw)
       16:   14:    area = other.area;
       16:   15:    apartment = other.apartment;
       16:   16:}
       16:   16-block  0
    $$$$$:   16-block  1
call    0 never executed
    $$$$$:   16-block  2
call    1 never executed
        -:   17:
function _ZNK6tenant13get_apartmentEv called 12 returned 100% blocks executed 100%
       12:   18:int tenant::get_apartment() const{
       12:   19:    return apartment;
       12:   19-block  0
        -:   20:}
        -:   21:
function _ZNK6tenant9get_ownerB5cxx11Ev called 1 returned 100% blocks executed 100%
        1:   22:std::string tenant::get_owner() const{
        1:   23:    return owner;
        1:   23-block  0
call    0 returned 1
        -:   24:}
        -:   25:
function _ZNK6tenant8get_typeB5cxx11Ev called 1 returned 100% blocks executed 100%
        1:   26:std::string tenant::get_type() const {
        1:   27:    return type;
        1:   27-block  0
call    0 returned 1
        -:   28:}
        -:   29:
function _ZNK6tenant8get_areaEv called 1 returned 100% blocks executed 100%
        1:   30:int tenant::get_area() const{
        1:   31:    return area;
        1:   31-block  0
        -:   32:}
        -:   33:
function _ZN6tenant13set_apartmentEi called 1 returned 100% blocks executed 100%
        1:   34:void tenant::set_apartment(int new_apartment) {
        1:   35:    apartment = new_apartment;
        1:   36:}
        -:   37:
function _ZN6tenant9set_ownerERKNSt7__cxx1112basic_stringIcSt11char_traitsIcESaIcEEE called 1 returned 100% blocks executed 100%
        1:   38:void tenant::set_owner(const std::string& new_owner){
        1:   39:    owner = new_owner;
        1:   39-block  0
call    0 returned 1
        1:   40:}
        -:   41:
function _ZN6tenant8set_typeERKNSt7__cxx1112basic_stringIcSt11char_traitsIcESaIcEEE called 1 returned 100% blocks executed 100%
        1:   42:void tenant::set_type(const std::string& new_type){
        1:   43:    type = new_type;
        1:   43-block  0
call    0 returned 1
        1:   44:}
        -:   45:
function _ZN6tenant8set_areaEi called 1 returned 100% blocks executed 100%
        1:   46:void tenant::set_area(const int new_area){
        1:   47:    area =new_area;
        1:   48:}
        -:   49:
function _ZNK6tenantneERKS_ called 1 returned 100% blocks executed 90%
        1:   50:bool tenant::operator != (const tenant& other) const{
       1*:   51:    return !(this->area == other.area && this->apartment == other.apartment && this->type == other.type && this->owner == other.owner);
        1:   51-block  0
branch  0 taken 1 (fallthrough)
branch  1 taken 0
        1:   51-block  1
branch  2 taken 1 (fallthrough)
branch  3 taken 0
        1:   51-block  2
call    4 returned 1
branch  5 taken 1 (fallthrough)
branch  6 taken 0
        1:   51-block  3
call    7 returned 1
branch  8 taken 0 (fallthrough)
branch  9 taken 1
    %%%%%:   51-block  4
        1:   51-block  5
        1:   51-block  6
        -:   52:}
        -:   53:
function _ZNK6tenanteqERKS_ called 1 returned 100% blocks executed 90%
        1:   54:bool tenant::operator == (const tenant& other) const{
       1*:   55:    return this->area == other.area && this->apartment == other.apartment && this->type == other.type && this->owner == other.owner;
        1:   55-block  0
branch  0 taken 1 (fallthrough)
branch  1 taken 0
        1:   55-block  1
branch  2 taken 1 (fallthrough)
branch  3 taken 0
        1:   55-block  2
call    4 returned 1
branch  5 taken 1 (fallthrough)
branch  6 taken 0
        1:   55-block  3
call    7 returned 1
branch  8 taken 1 (fallthrough)
branch  9 taken 0
        1:   55-block  4
    %%%%%:   55-block  5
        1:   55-block  6
        -:   56:}
        -:   57:
function _ZNK6tenant3strB5cxx11Ev called 3 returned 100% blocks executed 48%
        3:   58:std::string tenant::str() const{
        6:   59:    return "Apartment: " + std::to_string(apartment) + ", Owner: " + owner + ", Type: " + type + ", Area: "+ std::to_string(area);
        3:   59-block  0
call    0 returned 3
call    1 returned 3
branch  2 taken 3 (fallthrough)
branch  3 taken 0 (throw)
        3:   59-block  1
call    4 returned 3
branch  5 taken 3 (fallthrough)
branch  6 taken 0 (throw)
        3:   59-block  2
call    7 returned 3
branch  8 taken 3 (fallthrough)
branch  9 taken 0 (throw)
        3:   59-block  3
call   10 returned 3
branch 11 taken 3 (fallthrough)
branch 12 taken 0 (throw)
        3:   59-block  4
call   13 returned 3
branch 14 taken 3 (fallthrough)
branch 15 taken 0 (throw)
        3:   59-block  5
call   16 returned 3
branch 17 taken 3 (fallthrough)
branch 18 taken 0 (throw)
        3:   59-block  6
call   19 returned 3
branch 20 taken 3 (fallthrough)
branch 21 taken 0 (throw)
        3:   59-block  7
call   22 returned 3
branch 23 taken 3 (fallthrough)
branch 24 taken 0 (throw)
        3:   59-block  8
call   25 returned 3
call   26 returned 3
call   27 returned 3
call   28 returned 3
call   29 returned 3
call   30 returned 3
call   31 returned 3
call   32 returned 3
        3:   59-block  9
    $$$$$:   59-block 10
call   33 never executed
    $$$$$:   59-block 11
    $$$$$:   59-block 12
call   34 never executed
    $$$$$:   59-block 13
    $$$$$:   59-block 14
call   35 never executed
    $$$$$:   59-block 15
    $$$$$:   59-block 16
call   36 never executed
    $$$$$:   59-block 17
    $$$$$:   59-block 18
call   37 never executed
    $$$$$:   59-block 19
    $$$$$:   59-block 20
call   38 never executed
    $$$$$:   59-block 21
    $$$$$:   59-block 22
call   39 never executed
    $$$$$:   59-block 23
    $$$$$:   59-block 24
call   40 never executed
        -:   60:}
